# JRE version: OpenJDK Runtime Environment Temurin-21.0.3+9 (21.0.3+9) (build 21.0.3+9-LTS)
# Java VM: OpenJDK 64-Bit Server VM Temurin-21.0.3+9 (21.0.3+9-LTS, mixed mode, emulated-client, sharing, tiered, compressed oops, compressed class ptrs, g1 gc, windows-amd64)
GC Precious Log:
 CardTable entry size: 512
 Card Set container configuration: InlinePtr #cards 5 size 8 Array Of Cards #cards 12 size 40 Howl #buckets 4 coarsen threshold 1843 Howl Bitmap #cards 512 size 80 coarsen threshold 460 Card regions per heap region 1 cards per card region 2048
 CPUs: 8 total, 8 available
 Memory: 7778M
 Large Page Support: Disabled
 NUMA Support: Disabled
 Compressed Oops: Enabled (32-bit)
 Heap Region Size: 1M
 Heap Min Capacity: 8M
 Heap Initial Capacity: 122M
 Heap Max Capacity: 1946M
 Pre-touch: Disabled
 Parallel Workers: 8
 Concurrent Workers: 2
 Concurrent Refinement Workers: 8
 Periodic GC: Disabled
Heap:
 garbage-first heap   total 86016K, used 68861K [0x0000000086600000, 0x0000000100000000)
  region size 1024K, 46 young (47104K), 0 survivors (0K)
 Metaspace       used 69845K, committed 70784K, reserved 1114112K
  class space    used 9734K, committed 10112K, reserved 1048576K
GC Heap History (20 events):
Event: 4.102 GC heap before
{Heap before GC invocations=15 (full 0):
 garbage-first heap   total 71680K, used 59780K [0x0000000086600000, 0x0000000100000000)
  region size 1024K, 42 young (43008K), 5 survivors (5120K)
 Metaspace       used 44081K, committed 44672K, reserved 1114112K
  class space    used 5986K, committed 6272K, reserved 1048576K
}
Event: 4.105 GC heap after
{Heap after GC invocations=16 (full 0):
 garbage-first heap   total 71680K, used 22682K [0x0000000086600000, 0x0000000100000000)
  region size 1024K, 3 young (3072K), 3 survivors (3072K)
 Metaspace       used 44081K, committed 44672K, reserved 1114112K
  class space    used 5986K, committed 6272K, reserved 1048576K
}
Event: 4.433 GC heap before
{Heap before GC invocations=16 (full 0):
 garbage-first heap   total 71680K, used 61594K [0x0000000086600000, 0x0000000100000000)
  region size 1024K, 42 young (43008K), 3 survivors (3072K)
 Metaspace       used 47834K, committed 48448K, reserved 1114112K
  class space    used 6489K, committed 6720K, reserved 1048576K
}
Event: 4.436 GC heap after
{Heap after GC invocations=17 (full 0):
 garbage-first heap   total 71680K, used 23505K [0x0000000086600000, 0x0000000100000000)
  region size 1024K, 4 young (4096K), 4 survivors (4096K)
 Metaspace       used 47834K, committed 48448K, reserved 1114112K
  class space    used 6489K, committed 6720K, reserved 1048576K
}
Event: 4.719 GC heap before
{Heap before GC invocations=17 (full 0):
 garbage-first heap   total 71680K, used 50129K [0x0000000086600000, 0x0000000100000000)
  region size 1024K, 32 young (32768K), 4 survivors (4096K)
 Metaspace       used 50856K, committed 51456K, reserved 1114112K
  class space    used 6959K, committed 7232K, reserved 1048576K
}
Event: 4.723 GC heap after
{Heap after GC invocations=18 (full 0):
 garbage-first heap   total 71680K, used 23802K [0x0000000086600000, 0x0000000100000000)
  region size 1024K, 3 young (3072K), 3 survivors (3072K)
 Metaspace       used 50856K, committed 51456K, reserved 1114112K
  class space    used 6959K, committed 7232K, reserved 1048576K
}
Event: 5.067 GC heap before
{Heap before GC invocations=19 (full 0):
 garbage-first heap   total 71680K, used 63738K [0x0000000086600000, 0x0000000100000000)
  region size 1024K, 42 young (43008K), 3 survivors (3072K)
 Metaspace       used 54511K, committed 55104K, reserved 1114112K
  class space    used 7631K, committed 7872K, reserved 1048576K
}
Event: 5.070 GC heap after
{Heap after GC invocations=20 (full 0):
 garbage-first heap   total 71680K, used 24383K [0x0000000086600000, 0x0000000100000000)
  region size 1024K, 4 young (4096K), 4 survivors (4096K)
 Metaspace       used 54511K, committed 55104K, reserved 1114112K
  class space    used 7631K, committed 7872K, reserved 1048576K
}
Event: 5.388 GC heap before
{Heap before GC invocations=20 (full 0):
 garbage-first heap   total 71680K, used 61247K [0x0000000086600000, 0x0000000100000000)
  region size 1024K, 41 young (41984K), 4 survivors (4096K)
 Metaspace       used 57970K, committed 58560K, reserved 1114112K
  class space    used 8118K, committed 8384K, reserved 1048576K
}
Event: 5.393 GC heap after
{Heap after GC invocations=21 (full 0):
 garbage-first heap   total 71680K, used 25537K [0x0000000086600000, 0x0000000100000000)
  region size 1024K, 4 young (4096K), 4 survivors (4096K)
 Metaspace       used 57970K, committed 58560K, reserved 1114112K
  class space    used 8118K, committed 8384K, reserved 1048576K
}
Event: 5.735 GC heap before
{Heap before GC invocations=21 (full 0):
 garbage-first heap   total 71680K, used 63425K [0x0000000086600000, 0x0000000100000000)
  region size 1024K, 41 young (41984K), 4 survivors (4096K)
 Metaspace       used 60805K, committed 61504K, reserved 1114112K
  class space    used 8505K, committed 8768K, reserved 1048576K
}
Event: 5.739 GC heap after
{Heap after GC invocations=22 (full 0):
 garbage-first heap   total 86016K, used 27566K [0x0000000086600000, 0x0000000100000000)
  region size 1024K, 5 young (5120K), 5 survivors (5120K)
 Metaspace       used 60805K, committed 61504K, reserved 1114112K
  class space    used 8505K, committed 8768K, reserved 1048576K
}
Event: 25.486 GC heap before
{Heap before GC invocations=22 (full 0):
 garbage-first heap   total 86016K, used 72622K [0x0000000086600000, 0x0000000100000000)
  region size 1024K, 50 young (51200K), 5 survivors (5120K)
 Metaspace       used 64129K, committed 64896K, reserved 1114112K
  class space    used 8970K, committed 9280K, reserved 1048576K
}
Event: 25.492 GC heap after
{Heap after GC invocations=23 (full 0):
 garbage-first heap   total 86016K, used 29544K [0x0000000086600000, 0x0000000100000000)
  region size 1024K, 6 young (6144K), 6 survivors (6144K)
 Metaspace       used 64129K, committed 64896K, reserved 1114112K
  class space    used 8970K, committed 9280K, reserved 1048576K
}
Event: 25.987 GC heap before
{Heap before GC invocations=23 (full 0):
 garbage-first heap   total 86016K, used 72552K [0x0000000086600000, 0x0000000100000000)
  region size 1024K, 49 young (50176K), 6 survivors (6144K)
 Metaspace       used 68364K, committed 69120K, reserved 1114112K
  class space    used 9573K, committed 9920K, reserved 1048576K
}
Event: 25.992 GC heap after
{Heap after GC invocations=24 (full 0):
 garbage-first heap   total 86016K, used 32168K [0x0000000086600000, 0x0000000100000000)
  region size 1024K, 5 young (5120K), 5 survivors (5120K)
 Metaspace       used 68364K, committed 69120K, reserved 1114112K
  class space    used 9573K, committed 9920K, reserved 1048576K
}
Event: 573.066 GC heap before
{Heap before GC invocations=24 (full 0):
 garbage-first heap   total 86016K, used 75176K [0x0000000086600000, 0x0000000100000000)
  region size 1024K, 47 young (48128K), 5 survivors (5120K)
 Metaspace       used 69955K, committed 70656K, reserved 1114112K
  class space    used 9756K, committed 10048K, reserved 1048576K
}
Event: 573.073 GC heap after
{Heap after GC invocations=25 (full 0):
 garbage-first heap   total 86016K, used 32654K [0x0000000086600000, 0x0000000100000000)
  region size 1024K, 3 young (3072K), 3 survivors (3072K)
 Metaspace       used 69955K, committed 70656K, reserved 1114112K
  class space    used 9756K, committed 10048K, reserved 1048576K
}
Event: 605.648 GC heap before
{Heap before GC invocations=25 (full 0):
 garbage-first heap   total 86016K, used 35726K [0x0000000086600000, 0x0000000100000000)
  region size 1024K, 7 young (7168K), 3 survivors (3072K)
 Metaspace       used 70006K, committed 70720K, reserved 1114112K
  class space    used 9777K, committed 10112K, reserved 1048576K
}
Event: 605.681 GC heap after
{Heap after GC invocations=26 (full 1):
 garbage-first heap   total 86016K, used 22781K [0x0000000086600000, 0x0000000100000000)
  region size 1024K, 0 young (0K), 0 survivors (0K)
 Metaspace       used 69613K, committed 70720K, reserved 1114112K
  class space    used 9679K, committed 10112K, reserved 1048576K
}

